<?xml version="1.0" encoding="UTF-8"?>
<testsuite xmlns:xsi="http://www.w3.org/2001/XMLSchema-instance" xsi:noNamespaceSchemaLocation="https://maven.apache.org/surefire/maven-surefire-plugin/xsd/surefire-test-report-3.0.xsd" version="3.0" name="com.hrms.runners.TestRunner" time="14.09" tests="1" errors="0" skipped="0" failures="0">
  <properties>
[...]
</properties>
  <testcase name="Unchecking unnecessary checkboxes" classname="Configure PIM - Optional Fields" time="13.301">
    <system-out><![CDATA[
@configuration
Scenario: Unchecking unnecessary checkboxes &amp#27;[90m# src/test/resources/features/configurePIM.feature:4&amp#27;[0m
  &amp#27;[32mWhen &amp#27;[0m&amp#27;[32menter valid credentials&amp#27;[0m              &amp#27;[90m# com.hrms.stepdefinitions.LoginStepDefinition.enter_valid_credentials()&amp#27;[0m
  &amp#27;[32mAnd &amp#27;[0m&amp#27;[32mclick on login button&amp#27;[0m                 &amp#27;[90m# com.hrms.stepdefinitions.LoginStepDefinition.click_on_login_button()&amp#27;[0m
  &amp#27;[32mThen &amp#27;[0m&amp#27;[32mverify dashboard is displayed&amp#27;[0m        &amp#27;[90m# com.hrms.stepdefinitions.LoginStepDefinition.verify_dashboard_is_displayed()&amp#27;[0m
  &amp#27;[32mWhen &amp#27;[0m&amp#27;[32mclick on PIM button&amp#27;[0m                  &amp#27;[90m# com.hrms.stepdefinitions.AddEmployeeStepDefinition.click_on_pim_button()&amp#27;[0m
  &amp#27;[32mThen &amp#27;[0m&amp#27;[32mclick on configuration dropdown&amp#27;[0m      &amp#27;[90m# com.hrms.stepdefinitions.ConfigurationStepDefinition.click_on_configuration_dropdown()&amp#27;[0m
  &amp#27;[32mAnd &amp#27;[0m&amp#27;[32mclick on Optional Fields&amp#27;[0m              &amp#27;[90m# com.hrms.stepdefinitions.ConfigurationStepDefinition.click_on_optional_fields()&amp#27;[0m
  &amp#27;[32mThen &amp#27;[0m&amp#27;[32mclick on edit button&amp#27;[0m                 &amp#27;[90m# com.hrms.stepdefinitions.ConfigurationStepDefinition.click_on_edit_button()&amp#27;[0m
  &amp#27;[32mAnd &amp#27;[0m&amp#27;[32muncheck unnecessary checkboxes&amp#27;[0m        &amp#27;[90m# com.hrms.stepdefinitions.ConfigurationStepDefinition.uncheck_unnecessary_checkboxes(io.cucumber.datatable.DataTable)&amp#27;[0m
    | Show SSN field in Personal Details |
    | Show SIN field in Personal Details |
  &amp#27;[32mAnd &amp#27;[0m&amp#27;[32mclick on save button&amp#27;[0m                  &amp#27;[90m# com.hrms.stepdefinitions.AddEmployeeStepDefinition.click_on_save_button()&amp#27;[0m

    Embedding Unchecking unnecessary checkboxes [image/png 44637 bytes]

]]></system-out>
    <system-err><![CDATA[SLF4J: Failed to load class "org.slf4j.impl.StaticLoggerBinder".
SLF4J: Defaulting to no-operation (NOP) logger implementation
SLF4J: See http://www.slf4j.org/codes.html#StaticLoggerBinder for further details.
Starting ChromeDriver 96.0.4664.45 (76e4c1bb2ab4671b8beba3444e61c0f17584b2fc-refs/branch-heads/4664@{#947}) on port 33031
Only local connections are allowed.
Please see https://chromedriver.chromium.org/security-considerations for suggestions on keeping ChromeDriver safe.
ChromeDriver was started successfully.
Dec 29, 2021 7:35:28 PM org.openqa.selenium.remote.ProtocolHandshake createSession
INFO: Detected dialect: W3C
]]></system-err>
  </testcase>
</testsuite>